[debug] [2025-06-02T14:17:44.531Z] ----------------------------------------------------------------------
[debug] [2025-06-02T14:17:44.533Z] Command:       /Users/matttaylor/.nvm/versions/node/v20.10.0/bin/node /Users/matttaylor/.nvm/versions/node/v20.10.0/bin/firebase projects:create social-media-manager-2025
[debug] [2025-06-02T14:17:44.533Z] CLI Version:   14.5.1
[debug] [2025-06-02T14:17:44.533Z] Platform:      darwin
[debug] [2025-06-02T14:17:44.533Z] Node Version:  v20.10.0
[debug] [2025-06-02T14:17:44.533Z] Time:          Mon Jun 02 2025 10:17:44 GMT-0400 (Eastern Daylight Time)
[debug] [2025-06-02T14:17:44.534Z] ----------------------------------------------------------------------
[debug] 
[debug] [2025-06-02T14:17:44.536Z] > command requires scopes: ["email","openid","https://www.googleapis.com/auth/cloudplatformprojects.readonly","https://www.googleapis.com/auth/firebase","https://www.googleapis.com/auth/cloud-platform"]
[debug] [2025-06-02T14:17:44.536Z] > authorizing via signed-in user (suite.e.stpete@gmail.com)
[debug] [2025-06-02T14:17:51.960Z] Checked if tokens are valid: true, expires at: 1748877424190
[debug] [2025-06-02T14:17:51.962Z] Checked if tokens are valid: true, expires at: 1748877424190
[debug] [2025-06-02T14:17:51.964Z] >>> [apiv2][query] POST https://cloudresourcemanager.googleapis.com/v1/projects [none]
[debug] [2025-06-02T14:17:51.965Z] >>> [apiv2][body] POST https://cloudresourcemanager.googleapis.com/v1/projects {"projectId":"social-media-manager-2025","name":"social-media-manager-2025"}
[debug] [2025-06-02T14:17:52.288Z] <<< [apiv2][status] POST https://cloudresourcemanager.googleapis.com/v1/projects 200
[debug] [2025-06-02T14:17:52.288Z] <<< [apiv2][body] POST https://cloudresourcemanager.googleapis.com/v1/projects {"name":"operations/create_project.global.8744293061592501432"}
[debug] [2025-06-02T14:17:52.289Z] Checked if tokens are valid: true, expires at: 1748877424190
[debug] [2025-06-02T14:17:52.290Z] Checked if tokens are valid: true, expires at: 1748877424190
[debug] [2025-06-02T14:17:52.290Z] >>> [apiv2][query] GET https://cloudresourcemanager.googleapis.com/v1/operations/create_project.global.8744293061592501432 [none]
[debug] [2025-06-02T14:17:52.480Z] <<< [apiv2][status] GET https://cloudresourcemanager.googleapis.com/v1/operations/create_project.global.8744293061592501432 200
[debug] [2025-06-02T14:17:52.480Z] <<< [apiv2][body] GET https://cloudresourcemanager.googleapis.com/v1/operations/create_project.global.8744293061592501432 {"name":"operations/create_project.global.8744293061592501432"}
[debug] [2025-06-02T14:17:52.982Z] [Project Creation Poller] Retrying task index 0
[debug] [2025-06-02T14:17:52.982Z] Checked if tokens are valid: true, expires at: 1748877424190
[debug] [2025-06-02T14:17:52.983Z] Checked if tokens are valid: true, expires at: 1748877424190
[debug] [2025-06-02T14:17:52.983Z] >>> [apiv2][query] GET https://cloudresourcemanager.googleapis.com/v1/operations/create_project.global.8744293061592501432 [none]
[debug] [2025-06-02T14:17:53.099Z] <<< [apiv2][status] GET https://cloudresourcemanager.googleapis.com/v1/operations/create_project.global.8744293061592501432 200
[debug] [2025-06-02T14:17:53.099Z] <<< [apiv2][body] GET https://cloudresourcemanager.googleapis.com/v1/operations/create_project.global.8744293061592501432 {"name":"operations/create_project.global.8744293061592501432"}
[debug] [2025-06-02T14:17:54.100Z] [Project Creation Poller] Retrying task index 0
[debug] [2025-06-02T14:17:54.101Z] Checked if tokens are valid: true, expires at: 1748877424190
[debug] [2025-06-02T14:17:54.101Z] Checked if tokens are valid: true, expires at: 1748877424190
[debug] [2025-06-02T14:17:54.101Z] >>> [apiv2][query] GET https://cloudresourcemanager.googleapis.com/v1/operations/create_project.global.8744293061592501432 [none]
[debug] [2025-06-02T14:17:54.229Z] <<< [apiv2][status] GET https://cloudresourcemanager.googleapis.com/v1/operations/create_project.global.8744293061592501432 200
[debug] [2025-06-02T14:17:54.229Z] <<< [apiv2][body] GET https://cloudresourcemanager.googleapis.com/v1/operations/create_project.global.8744293061592501432 {"name":"operations/create_project.global.8744293061592501432","metadata":{"@type":"type.googleapis.com/google.cloudresourcemanager.v1.ProjectCreationStatus","gettable":true,"ready":true},"done":true,"response":{"@type":"type.googleapis.com/google.cloudresourcemanager.v1.Project","projectNumber":"923407667564","projectId":"social-media-manager-2025","lifecycleState":"ACTIVE","name":"social-media-manager-2025","createTime":"2025-06-02T14:17:53.007529Z"}}
[debug] [2025-06-02T14:17:54.231Z] Checked if tokens are valid: true, expires at: 1748877424190
[debug] [2025-06-02T14:17:54.231Z] Checked if tokens are valid: true, expires at: 1748877424190
[debug] [2025-06-02T14:17:54.231Z] >>> [apiv2][query] POST https://firebase.googleapis.com/v1beta1/projects/social-media-manager-2025:addFirebase [none]
[debug] [2025-06-02T14:17:55.084Z] <<< [apiv2][status] POST https://firebase.googleapis.com/v1beta1/projects/social-media-manager-2025:addFirebase 403
[debug] [2025-06-02T14:17:55.084Z] <<< [apiv2][body] POST https://firebase.googleapis.com/v1beta1/projects/social-media-manager-2025:addFirebase {"error":{"code":403,"message":"The caller does not have permission","status":"PERMISSION_DENIED"}}
[debug] [2025-06-02T14:17:55.085Z] Request to https://firebase.googleapis.com/v1beta1/projects/social-media-manager-2025:addFirebase had HTTP Error: 403, The caller does not have permission
[debug] [2025-06-02T14:17:55.216Z] FirebaseError: Request to https://firebase.googleapis.com/v1beta1/projects/social-media-manager-2025:addFirebase had HTTP Error: 403, The caller does not have permission
    at responseToError (/Users/matttaylor/.nvm/versions/node/v20.10.0/lib/node_modules/firebase-tools/lib/responseToError.js:52:12)
    at RetryOperation._fn (/Users/matttaylor/.nvm/versions/node/v20.10.0/lib/node_modules/firebase-tools/lib/apiv2.js:312:77)
    at process.processTicksAndRejections (node:internal/process/task_queues:95:5)
[error] 
[error] Error: Failed to add Firebase to Google Cloud Platform project. See firebase-debug.log for more info.
[debug] [2025-06-02T14:21:27.165Z] ----------------------------------------------------------------------
[debug] [2025-06-02T14:21:27.167Z] Command:       /Users/matttaylor/.nvm/versions/node/v20.10.0/bin/node /Users/matttaylor/.nvm/versions/node/v20.10.0/bin/firebase init --project social-media-manager
[debug] [2025-06-02T14:21:27.167Z] CLI Version:   14.5.1
[debug] [2025-06-02T14:21:27.167Z] Platform:      darwin
[debug] [2025-06-02T14:21:27.167Z] Node Version:  v20.10.0
[debug] [2025-06-02T14:21:27.167Z] Time:          Mon Jun 02 2025 10:21:27 GMT-0400 (Eastern Daylight Time)
[debug] [2025-06-02T14:21:27.168Z] ----------------------------------------------------------------------
[debug] 
[debug] [2025-06-02T14:21:27.170Z] > command requires scopes: ["email","openid","https://www.googleapis.com/auth/cloudplatformprojects.readonly","https://www.googleapis.com/auth/firebase","https://www.googleapis.com/auth/cloud-platform"]
[debug] [2025-06-02T14:21:27.170Z] > authorizing via signed-in user (suite.e.stpete@gmail.com)
[info] 
     ######## #### ########  ######## ########     ###     ######  ########
     ##        ##  ##     ## ##       ##     ##  ##   ##  ##       ##
     ######    ##  ########  ######   ########  #########  ######  ######
     ##        ##  ##    ##  ##       ##     ## ##     ##       ## ##
     ##       #### ##     ## ######## ########  ##     ##  ######  ########

You're about to initialize a Firebase project in this directory:

  /Users/matttaylor/Documents/_dev/social_manager/frontend

[info] 
=== Project Setup
[info] 
[info] First, let's associate this project directory with a Firebase project.
[info] You can create multiple project aliases by running firebase use --add, 
[info] but for now we'll just set up a default project.
[info] 
[debug] [2025-06-02T14:21:30.600Z] Using project from CLI flag: social-media-manager
[debug] [2025-06-02T14:21:30.601Z] Checked if tokens are valid: true, expires at: 1748877424190
[debug] [2025-06-02T14:21:30.602Z] Checked if tokens are valid: true, expires at: 1748877424190
[debug] [2025-06-02T14:21:30.604Z] >>> [apiv2][query] GET https://firebase.googleapis.com/v1beta1/projects/social-media-manager [none]
[debug] [2025-06-02T14:21:34.062Z] <<< [apiv2][status] GET https://firebase.googleapis.com/v1beta1/projects/social-media-manager 403
[debug] [2025-06-02T14:21:34.063Z] <<< [apiv2][body] GET https://firebase.googleapis.com/v1beta1/projects/social-media-manager {"error":{"code":403,"message":"The caller does not have permission","status":"PERMISSION_DENIED"}}
[debug] [2025-06-02T14:21:34.065Z] Request to https://firebase.googleapis.com/v1beta1/projects/social-media-manager had HTTP Error: 403, The caller does not have permission
[debug] [2025-06-02T14:21:34.266Z] FirebaseError: Request to https://firebase.googleapis.com/v1beta1/projects/social-media-manager had HTTP Error: 403, The caller does not have permission
    at responseToError (/Users/matttaylor/.nvm/versions/node/v20.10.0/lib/node_modules/firebase-tools/lib/responseToError.js:52:12)
    at RetryOperation._fn (/Users/matttaylor/.nvm/versions/node/v20.10.0/lib/node_modules/firebase-tools/lib/apiv2.js:312:77)
    at process.processTicksAndRejections (node:internal/process/task_queues:95:5)
[error] 
[error] Error: Failed to get Firebase project social-media-manager. Please make sure the project exists and your account has permission to access it.
[debug] [2025-06-02T14:21:47.974Z] ----------------------------------------------------------------------
[debug] [2025-06-02T14:21:47.976Z] Command:       /Users/matttaylor/.nvm/versions/node/v20.10.0/bin/node /Users/matttaylor/.nvm/versions/node/v20.10.0/bin/firebase init
[debug] [2025-06-02T14:21:47.976Z] CLI Version:   14.5.1
[debug] [2025-06-02T14:21:47.977Z] Platform:      darwin
[debug] [2025-06-02T14:21:47.977Z] Node Version:  v20.10.0
[debug] [2025-06-02T14:21:47.977Z] Time:          Mon Jun 02 2025 10:21:47 GMT-0400 (Eastern Daylight Time)
[debug] [2025-06-02T14:21:47.977Z] ----------------------------------------------------------------------
[debug] 
[debug] [2025-06-02T14:21:47.980Z] > command requires scopes: ["email","openid","https://www.googleapis.com/auth/cloudplatformprojects.readonly","https://www.googleapis.com/auth/firebase","https://www.googleapis.com/auth/cloud-platform"]
[debug] [2025-06-02T14:21:47.980Z] > authorizing via signed-in user (suite.e.stpete@gmail.com)
[info] 
     ######## #### ########  ######## ########     ###     ######  ########
     ##        ##  ##     ## ##       ##     ##  ##   ##  ##       ##
     ######    ##  ########  ######   ########  #########  ######  ######
     ##        ##  ##    ##  ##       ##     ## ##     ##       ## ##
     ##       #### ##     ## ######## ########  ##     ##  ######  ########

You're about to initialize a Firebase project in this directory:

  /Users/matttaylor/Documents/_dev/social_manager/frontend

[info] 
=== Project Setup
[info] 
[info] First, let's associate this project directory with a Firebase project.
[info] You can create multiple project aliases by running firebase use --add, 
[info] but for now we'll just set up a default project.
[info] 
[debug] [2025-06-02T14:21:52.505Z] Checked if tokens are valid: true, expires at: 1748877424190
[debug] [2025-06-02T14:21:52.505Z] Checked if tokens are valid: true, expires at: 1748877424190
[debug] [2025-06-02T14:21:52.506Z] >>> [apiv2][query] GET https://firebase.googleapis.com/v1beta1/projects pageSize=100
[debug] [2025-06-02T14:21:52.989Z] <<< [apiv2][status] GET https://firebase.googleapis.com/v1beta1/projects 200
[debug] [2025-06-02T14:21:52.989Z] <<< [apiv2][body] GET https://firebase.googleapis.com/v1beta1/projects [omitted]
[info] i  Using project social-media-manager-eb123 (social-media-manager) 
[info] 
=== Firestore Setup
[info] i  firestore: ensuring required API firestore.googleapis.com is enabled... 
[debug] [2025-06-02T14:21:54.379Z] Checked if tokens are valid: true, expires at: 1748877424190
[debug] [2025-06-02T14:21:54.379Z] Checked if tokens are valid: true, expires at: 1748877424190
[debug] [2025-06-02T14:21:54.379Z] >>> [apiv2][query] GET https://serviceusage.googleapis.com/v1/projects/social-media-manager-eb123/services/firestore.googleapis.com [none]
[debug] [2025-06-02T14:21:54.379Z] >>> [apiv2][(partial)header] GET https://serviceusage.googleapis.com/v1/projects/social-media-manager-eb123/services/firestore.googleapis.com x-goog-quota-user=projects/social-media-manager-eb123
[debug] [2025-06-02T14:21:54.841Z] <<< [apiv2][status] GET https://serviceusage.googleapis.com/v1/projects/social-media-manager-eb123/services/firestore.googleapis.com 200
[debug] [2025-06-02T14:21:54.842Z] <<< [apiv2][body] GET https://serviceusage.googleapis.com/v1/projects/social-media-manager-eb123/services/firestore.googleapis.com [omitted]
[warn] ⚠  firestore: missing required API firestore.googleapis.com. Enabling now... 
[debug] [2025-06-02T14:21:54.843Z] Checked if tokens are valid: true, expires at: 1748877424190
[debug] [2025-06-02T14:21:54.843Z] Checked if tokens are valid: true, expires at: 1748877424190
[debug] [2025-06-02T14:21:54.843Z] >>> [apiv2][query] POST https://serviceusage.googleapis.com/v1/projects/social-media-manager-eb123/services/firestore.googleapis.com:enable [none]
[debug] [2025-06-02T14:21:54.844Z] >>> [apiv2][(partial)header] POST https://serviceusage.googleapis.com/v1/projects/social-media-manager-eb123/services/firestore.googleapis.com:enable x-goog-quota-user=projects/social-media-manager-eb123
[debug] [2025-06-02T14:21:55.460Z] <<< [apiv2][status] POST https://serviceusage.googleapis.com/v1/projects/social-media-manager-eb123/services/firestore.googleapis.com:enable 200
[debug] [2025-06-02T14:21:55.460Z] <<< [apiv2][body] POST https://serviceusage.googleapis.com/v1/projects/social-media-manager-eb123/services/firestore.googleapis.com:enable [omitted]
[debug] [2025-06-02T14:22:05.463Z] Checked if tokens are valid: true, expires at: 1748877424190
[debug] [2025-06-02T14:22:05.463Z] Checked if tokens are valid: true, expires at: 1748877424190
[debug] [2025-06-02T14:22:05.464Z] >>> [apiv2][query] GET https://serviceusage.googleapis.com/v1/projects/social-media-manager-eb123/services/firestore.googleapis.com [none]
[debug] [2025-06-02T14:22:05.464Z] >>> [apiv2][(partial)header] GET https://serviceusage.googleapis.com/v1/projects/social-media-manager-eb123/services/firestore.googleapis.com x-goog-quota-user=projects/social-media-manager-eb123
[debug] [2025-06-02T14:22:05.822Z] <<< [apiv2][status] GET https://serviceusage.googleapis.com/v1/projects/social-media-manager-eb123/services/firestore.googleapis.com 200
[debug] [2025-06-02T14:22:05.823Z] <<< [apiv2][body] GET https://serviceusage.googleapis.com/v1/projects/social-media-manager-eb123/services/firestore.googleapis.com [omitted]
[info] ✔  firestore: required API firestore.googleapis.com is enabled 
[debug] [2025-06-02T14:22:05.828Z] Checked if tokens are valid: true, expires at: 1748877424190
[debug] [2025-06-02T14:22:05.829Z] Checked if tokens are valid: true, expires at: 1748877424190
[debug] [2025-06-02T14:22:05.829Z] >>> [apiv2][query] GET https://firestore.googleapis.com/v1/projects/social-media-manager-eb123/databases [none]
[debug] [2025-06-02T14:22:06.372Z] <<< [apiv2][status] GET https://firestore.googleapis.com/v1/projects/social-media-manager-eb123/databases 200
[debug] [2025-06-02T14:22:06.372Z] <<< [apiv2][body] GET https://firestore.googleapis.com/v1/projects/social-media-manager-eb123/databases {}
[debug] [2025-06-02T14:22:06.373Z] Checked if tokens are valid: true, expires at: 1748877424190
[debug] [2025-06-02T14:22:06.373Z] Checked if tokens are valid: true, expires at: 1748877424190
[debug] [2025-06-02T14:22:06.374Z] >>> [apiv2][query] GET https://firestore.googleapis.com/v1/projects/social-media-manager-eb123/locations [none]
[debug] [2025-06-02T14:22:06.525Z] <<< [apiv2][status] GET https://firestore.googleapis.com/v1/projects/social-media-manager-eb123/locations 200
[debug] [2025-06-02T14:22:06.526Z] <<< [apiv2][body] GET https://firestore.googleapis.com/v1/projects/social-media-manager-eb123/locations {"locations":[{"name":"projects/social-media-manager-eb123/locations/eur3","labels":{"appengine.googleapis.com/geo":"europe-west","cloud.googleapis.com/location":"eur3","cloud.googleapis.com/geo":"eur3"},"metadata":{"@type":"type.googleapis.com/google.firestore.admin.v1.LocationMetadata"},"locationId":"eur3","displayName":"Europe"},{"name":"projects/social-media-manager-eb123/locations/nam5","labels":{"appengine.googleapis.com/geo":"us-central","cloud.googleapis.com/location":"nam5","cloud.googleapis.com/geo":"nam5"},"metadata":{"@type":"type.googleapis.com/google.firestore.admin.v1.LocationMetadata"},"locationId":"nam5","displayName":"United States"},{"name":"projects/social-media-manager-eb123/locations/nam7","labels":{"cloud.googleapis.com/location":"nam7","cloud.googleapis.com/geo":"nam7"},"metadata":{"@type":"type.googleapis.com/google.firestore.admin.v1.LocationMetadata"},"locationId":"nam7","displayName":"United States"},{"name":"projects/social-media-manager-eb123/locations/africa-south1","labels":{"cloud.googleapis.com/location":"africa-south1","cloud.googleapis.com/region":"africa-south1"},"metadata":{"@type":"type.googleapis.com/google.firestore.admin.v1.LocationMetadata"},"locationId":"africa-south1","displayName":"Johannesburg"},{"name":"projects/social-media-manager-eb123/locations/asia-east1","labels":{"appengine.googleapis.com/region":"asia-east1","cloud.googleapis.com/location":"asia-east1","cloud.googleapis.com/region":"asia-east1"},"metadata":{"@type":"type.googleapis.com/google.firestore.admin.v1.LocationMetadata"},"locationId":"asia-east1","displayName":"Taiwan"},{"name":"projects/social-media-manager-eb123/locations/asia-east2","labels":{"appengine.googleapis.com/region":"asia-east2","cloud.googleapis.com/location":"asia-east2","cloud.googleapis.com/region":"asia-east2"},"metadata":{"@type":"type.googleapis.com/google.firestore.admin.v1.LocationMetadata"},"locationId":"asia-east2","displayName":"Hong Kong"},{"name":"projects/social-media-manager-eb123/locations/asia-northeast1","labels":{"appengine.googleapis.com/region":"asia-northeast1","cloud.googleapis.com/location":"asia-northeast1","cloud.googleapis.com/region":"asia-northeast1"},"metadata":{"@type":"type.googleapis.com/google.firestore.admin.v1.LocationMetadata"},"locationId":"asia-northeast1","displayName":"Tokyo"},{"name":"projects/social-media-manager-eb123/locations/asia-northeast2","labels":{"appengine.googleapis.com/region":"asia-northeast2","cloud.googleapis.com/location":"asia-northeast2","cloud.googleapis.com/region":"asia-northeast2"},"metadata":{"@type":"type.googleapis.com/google.firestore.admin.v1.LocationMetadata"},"locationId":"asia-northeast2","displayName":"Osaka"},{"name":"projects/social-media-manager-eb123/locations/asia-northeast3","labels":{"appengine.googleapis.com/region":"asia-northeast3","cloud.googleapis.com/location":"asia-northeast3","cloud.googleapis.com/region":"asia-northeast3"},"metadata":{"@type":"type.googleapis.com/google.firestore.admin.v1.LocationMetadata"},"locationId":"asia-northeast3","displayName":"Seoul"},{"name":"projects/social-media-manager-eb123/locations/asia-south1","labels":{"appengine.googleapis.com/region":"asia-south1","cloud.googleapis.com/location":"asia-south1","cloud.googleapis.com/region":"asia-south1"},"metadata":{"@type":"type.googleapis.com/google.firestore.admin.v1.LocationMetadata"},"locationId":"asia-south1","displayName":"Mumbai"},{"name":"projects/social-media-manager-eb123/locations/asia-south2","labels":{"cloud.googleapis.com/location":"asia-south2","cloud.googleapis.com/region":"asia-south2"},"metadata":{"@type":"type.googleapis.com/google.firestore.admin.v1.LocationMetadata"},"locationId":"asia-south2","displayName":"Delhi"},{"name":"projects/social-media-manager-eb123/locations/asia-southeast1","labels":{"appengine.googleapis.com/region":"asia-southeast1","cloud.googleapis.com/location":"asia-southeast1","cloud.googleapis.com/region":"asia-southeast1"},"metadata":{"@type":"type.googleapis.com/google.firestore.admin.v1.LocationMetadata"},"locationId":"asia-southeast1","displayName":"Singapore"},{"name":"projects/social-media-manager-eb123/locations/asia-southeast2","labels":{"appengine.googleapis.com/region":"asia-southeast2","cloud.googleapis.com/location":"asia-southeast2","cloud.googleapis.com/region":"asia-southeast2"},"metadata":{"@type":"type.googleapis.com/google.firestore.admin.v1.LocationMetadata"},"locationId":"asia-southeast2","displayName":"Jakarta"},{"name":"projects/social-media-manager-eb123/locations/australia-southeast1","labels":{"appengine.googleapis.com/region":"australia-southeast1","cloud.googleapis.com/location":"australia-southeast1","cloud.googleapis.com/region":"australia-southeast1"},"metadata":{"@type":"type.googleapis.com/google.firestore.admin.v1.LocationMetadata"},"locationId":"australia-southeast1","displayName":"Sydney"},{"name":"projects/social-media-manager-eb123/locations/australia-southeast2","labels":{"cloud.googleapis.com/location":"australia-southeast2","cloud.googleapis.com/region":"australia-southeast2"},"metadata":{"@type":"type.googleapis.com/google.firestore.admin.v1.LocationMetadata"},"locationId":"australia-southeast2","displayName":"Melbourne"},{"name":"projects/social-media-manager-eb123/locations/europe-central2","labels":{"appengine.googleapis.com/region":"europe-central2","cloud.googleapis.com/location":"europe-central2","cloud.googleapis.com/region":"europe-central2"},"metadata":{"@type":"type.googleapis.com/google.firestore.admin.v1.LocationMetadata"},"locationId":"europe-central2","displayName":"Warsaw"},{"name":"projects/social-media-manager-eb123/locations/europe-north1","labels":{"cloud.googleapis.com/location":"europe-north1","cloud.googleapis.com/region":"europe-north1"},"metadata":{"@type":"type.googleapis.com/google.firestore.admin.v1.LocationMetadata"},"locationId":"europe-north1","displayName":"Finland"},{"name":"projects/social-media-manager-eb123/locations/europe-north2","labels":{"cloud.googleapis.com/location":"europe-north2","cloud.googleapis.com/region":"europe-north2"},"metadata":{"@type":"type.googleapis.com/google.firestore.admin.v1.LocationMetadata"},"locationId":"europe-north2","displayName":"Stockholm"},{"name":"projects/social-media-manager-eb123/locations/europe-southwest1","labels":{"cloud.googleapis.com/location":"europe-southwest1","cloud.googleapis.com/region":"europe-southwest1"},"metadata":{"@type":"type.googleapis.com/google.firestore.admin.v1.LocationMetadata"},"locationId":"europe-southwest1","displayName":"Madrid"},{"name":"projects/social-media-manager-eb123/locations/europe-west1","labels":{"cloud.googleapis.com/location":"europe-west1","cloud.googleapis.com/region":"europe-west1"},"metadata":{"@type":"type.googleapis.com/google.firestore.admin.v1.LocationMetadata"},"locationId":"europe-west1","displayName":"Belgium"},{"name":"projects/social-media-manager-eb123/locations/europe-west10","labels":{"cloud.googleapis.com/location":"europe-west10","cloud.googleapis.com/region":"europe-west10"},"metadata":{"@type":"type.googleapis.com/google.firestore.admin.v1.LocationMetadata"},"locationId":"europe-west10","displayName":"Berlin"},{"name":"projects/social-media-manager-eb123/locations/europe-west12","labels":{"cloud.googleapis.com/location":"europe-west12","cloud.googleapis.com/region":"europe-west12"},"metadata":{"@type":"type.googleapis.com/google.firestore.admin.v1.LocationMetadata"},"locationId":"europe-west12","displayName":"Turin"},{"name":"projects/social-media-manager-eb123/locations/europe-west2","labels":{"appengine.googleapis.com/region":"europe-west2","cloud.googleapis.com/location":"europe-west2","cloud.googleapis.com/region":"europe-west2"},"metadata":{"@type":"type.googleapis.com/google.firestore.admin.v1.LocationMetadata"},"locationId":"europe-west2","displayName":"London"},{"name":"projects/social-media-manager-eb123/locations/europe-west3","labels":{"appengine.googleapis.com/region":"europe-west3","cloud.googleapis.com/location":"europe-west3","cloud.googleapis.com/region":"europe-west3"},"metadata":{"@type":"type.googleapis.com/google.firestore.admin.v1.LocationMetadata"},"locationId":"europe-west3","displayName":"Frankfurt"},{"name":"projects/social-media-manager-eb123/locations/europe-west4","labels":{"cloud.googleapis.com/location":"europe-west4","cloud.googleapis.com/region":"europe-west4"},"metadata":{"@type":"type.googleapis.com/google.firestore.admin.v1.LocationMetadata"},"locationId":"europe-west4","displayName":"Netherlands"},{"name":"projects/social-media-manager-eb123/locations/europe-west6","labels":{"appengine.googleapis.com/region":"europe-west6","cloud.googleapis.com/location":"europe-west6","cloud.googleapis.com/region":"europe-west6"},"metadata":{"@type":"type.googleapis.com/google.firestore.admin.v1.LocationMetadata"},"locationId":"europe-west6","displayName":"Zurich"},{"name":"projects/social-media-manager-eb123/locations/europe-west8","labels":{"cloud.googleapis.com/location":"europe-west8","cloud.googleapis.com/region":"europe-west8"},"metadata":{"@type":"type.googleapis.com/google.firestore.admin.v1.LocationMetadata"},"locationId":"europe-west8","displayName":"Milan"},{"name":"projects/social-media-manager-eb123/locations/europe-west9","labels":{"cloud.googleapis.com/location":"europe-west9","cloud.googleapis.com/region":"europe-west9"},"metadata":{"@type":"type.googleapis.com/google.firestore.admin.v1.LocationMetadata"},"locationId":"europe-west9","displayName":"Paris"},{"name":"projects/social-media-manager-eb123/locations/me-central1","labels":{"cloud.googleapis.com/location":"me-central1","cloud.googleapis.com/region":"me-central1"},"metadata":{"@type":"type.googleapis.com/google.firestore.admin.v1.LocationMetadata"},"locationId":"me-central1","displayName":"Doha"},{"name":"projects/social-media-manager-eb123/locations/me-central2","labels":{"cloud.googleapis.com/location":"me-central2","cloud.googleapis.com/region":"me-central2"},"metadata":{"@type":"type.googleapis.com/google.firestore.admin.v1.LocationMetadata"},"locationId":"me-central2","displayName":"Dammam"},{"name":"projects/social-media-manager-eb123/locations/me-west1","labels":{"cloud.googleapis.com/location":"me-west1","cloud.googleapis.com/region":"me-west1"},"metadata":{"@type":"type.googleapis.com/google.firestore.admin.v1.LocationMetadata"},"locationId":"me-west1","displayName":"Tel Aviv"},{"name":"projects/social-media-manager-eb123/locations/northamerica-northeast1","labels":{"appengine.googleapis.com/region":"northamerica-northeast1","cloud.googleapis.com/location":"northamerica-northeast1","cloud.googleapis.com/region":"northamerica-northeast1"},"metadata":{"@type":"type.googleapis.com/google.firestore.admin.v1.LocationMetadata"},"locationId":"northamerica-northeast1","displayName":"Montréal"},{"name":"projects/social-media-manager-eb123/locations/northamerica-northeast2","labels":{"cloud.googleapis.com/location":"northamerica-northeast2","cloud.googleapis.com/region":"northamerica-northeast2"},"metadata":{"@type":"type.googleapis.com/google.firestore.admin.v1.LocationMetadata"},"locationId":"northamerica-northeast2","displayName":"Toronto"},{"name":"projects/social-media-manager-eb123/locations/northamerica-south1","labels":{"cloud.googleapis.com/location":"northamerica-south1","cloud.googleapis.com/region":"northamerica-south1"},"metadata":{"@type":"type.googleapis.com/google.firestore.admin.v1.LocationMetadata"},"locationId":"northamerica-south1","displayName":"Mexico"},{"name":"projects/social-media-manager-eb123/locations/southamerica-east1","labels":{"appengine.googleapis.com/region":"southamerica-east1","cloud.googleapis.com/location":"southamerica-east1","cloud.googleapis.com/region":"southamerica-east1"},"metadata":{"@type":"type.googleapis.com/google.firestore.admin.v1.LocationMetadata"},"locationId":"southamerica-east1","displayName":"São Paulo"},{"name":"projects/social-media-manager-eb123/locations/southamerica-west1","labels":{"cloud.googleapis.com/location":"southamerica-west1","cloud.googleapis.com/region":"southamerica-west1"},"metadata":{"@type":"type.googleapis.com/google.firestore.admin.v1.LocationMetadata"},"locationId":"southamerica-west1","displayName":"Santiago"},{"name":"projects/social-media-manager-eb123/locations/us-central1","labels":{"cloud.googleapis.com/location":"us-central1","cloud.googleapis.com/region":"us-central1"},"metadata":{"@type":"type.googleapis.com/google.firestore.admin.v1.LocationMetadata"},"locationId":"us-central1","displayName":"Iowa"},{"name":"projects/social-media-manager-eb123/locations/us-east1","labels":{"appengine.googleapis.com/region":"us-east1","cloud.googleapis.com/location":"us-east1","cloud.googleapis.com/region":"us-east1"},"metadata":{"@type":"type.googleapis.com/google.firestore.admin.v1.LocationMetadata"},"locationId":"us-east1","displayName":"South Carolina"},{"name":"projects/social-media-manager-eb123/locations/us-east4","labels":{"appengine.googleapis.com/region":"us-east4","cloud.googleapis.com/location":"us-east4","cloud.googleapis.com/region":"us-east4"},"metadata":{"@type":"type.googleapis.com/google.firestore.admin.v1.LocationMetadata"},"locationId":"us-east4","displayName":"Northern Virginia"},{"name":"projects/social-media-manager-eb123/locations/us-east5","labels":{"cloud.googleapis.com/location":"us-east5","cloud.googleapis.com/region":"us-east5"},"metadata":{"@type":"type.googleapis.com/google.firestore.admin.v1.LocationMetadata"},"locationId":"us-east5","displayName":"Columbus"},{"name":"projects/social-media-manager-eb123/locations/us-south1","labels":{"cloud.googleapis.com/location":"us-south1","cloud.googleapis.com/region":"us-south1"},"metadata":{"@type":"type.googleapis.com/google.firestore.admin.v1.LocationMetadata"},"locationId":"us-south1","displayName":"Dallas"},{"name":"projects/social-media-manager-eb123/locations/us-west1","labels":{"appengine.googleapis.com/region":"us-west1","cloud.googleapis.com/location":"us-west1","cloud.googleapis.com/region":"us-west1"},"metadata":{"@type":"type.googleapis.com/google.firestore.admin.v1.LocationMetadata"},"locationId":"us-west1","displayName":"Oregon"},{"name":"projects/social-media-manager-eb123/locations/us-west2","labels":{"appengine.googleapis.com/region":"us-west2","cloud.googleapis.com/location":"us-west2","cloud.googleapis.com/region":"us-west2"},"metadata":{"@type":"type.googleapis.com/google.firestore.admin.v1.LocationMetadata"},"locationId":"us-west2","displayName":"Los Angeles"},{"name":"projects/social-media-manager-eb123/locations/us-west3","labels":{"appengine.googleapis.com/region":"us-west3","cloud.googleapis.com/location":"us-west3","cloud.googleapis.com/region":"us-west3"},"metadata":{"@type":"type.googleapis.com/google.firestore.admin.v1.LocationMetadata"},"locationId":"us-west3","displayName":"Salt Lake City"},{"name":"projects/social-media-manager-eb123/locations/us-west4","labels":{"appengine.googleapis.com/region":"us-west4","cloud.googleapis.com/location":"us-west4","cloud.googleapis.com/region":"us-west4"},"metadata":{"@type":"type.googleapis.com/google.firestore.admin.v1.LocationMetadata"},"locationId":"us-west4","displayName":"Las Vegas"},{"name":"projects/social-media-manager-eb123/locations/us-west8","labels":{"cloud.googleapis.com/location":"us-west8","cloud.googleapis.com/region":"us-west8"},"metadata":{"@type":"type.googleapis.com/google.firestore.admin.v1.LocationMetadata"},"locationId":"us-west8","displayName":"Phoenix"}]}
[info] 
[info] Firestore Security Rules allow you to define how and when to allow
[info] requests. You can keep these rules in your project directory
[info] and publish them with firebase deploy.
[info] 
[debug] [2025-06-02T14:24:32.167Z] Checked if tokens are valid: true, expires at: 1748877424190
[debug] [2025-06-02T14:24:32.168Z] Checked if tokens are valid: true, expires at: 1748877424190
[debug] [2025-06-02T14:24:32.168Z] >>> [apiv2][query] GET https://firebaserules.googleapis.com/v1/projects/social-media-manager-eb123/releases pageSize=10&pageToken=
[debug] [2025-06-02T14:24:32.500Z] <<< [apiv2][status] GET https://firebaserules.googleapis.com/v1/projects/social-media-manager-eb123/releases 200
[debug] [2025-06-02T14:24:32.500Z] <<< [apiv2][body] GET https://firebaserules.googleapis.com/v1/projects/social-media-manager-eb123/releases {}
[info] 
[info] Firestore indexes allow you to perform complex queries while
[info] maintaining performance that scales with the size of the result
[info] set. You can keep index definitions in your project directory
[info] and publish them with firebase deploy.
[info] 
[debug] [2025-06-02T14:24:33.241Z] Checked if tokens are valid: true, expires at: 1748877424190
[debug] [2025-06-02T14:24:33.241Z] Checked if tokens are valid: true, expires at: 1748877424190
[debug] [2025-06-02T14:24:33.241Z] Checked if tokens are valid: true, expires at: 1748877424190
[debug] [2025-06-02T14:24:33.241Z] Checked if tokens are valid: true, expires at: 1748877424190
[debug] [2025-06-02T14:24:33.241Z] >>> [apiv2][query] GET https://firestore.googleapis.com/v1/projects/social-media-manager-eb123/databases/(default)/collectionGroups/-/indexes [none]
[debug] [2025-06-02T14:24:33.242Z] >>> [apiv2][query] GET https://firestore.googleapis.com/v1/projects/social-media-manager-eb123/databases/(default)/collectionGroups/-/fields?filter=indexConfig.usesAncestorConfig=false OR ttlConfig:* [none]
[debug] [2025-06-02T14:24:33.500Z] <<< [apiv2][status] GET https://firestore.googleapis.com/v1/projects/social-media-manager-eb123/databases/(default)/collectionGroups/-/fields?filter=indexConfig.usesAncestorConfig=false OR ttlConfig:* 404
[debug] [2025-06-02T14:24:33.500Z] <<< [apiv2][body] GET https://firestore.googleapis.com/v1/projects/social-media-manager-eb123/databases/(default)/collectionGroups/-/fields?filter=indexConfig.usesAncestorConfig=false OR ttlConfig:* {"error":{"code":404,"message":"Project 'social-media-manager-eb123' or database '(default)' does not exist.","status":"NOT_FOUND"}}
[info] ✔  Wrote firestore.rules 
[info] ✔  Wrote firestore.indexes.json 
[info] 
=== Functions Setup
[debug] [2025-06-02T14:24:33.506Z] > command requires scopes: ["email","openid","https://www.googleapis.com/auth/cloudplatformprojects.readonly","https://www.googleapis.com/auth/firebase","https://www.googleapis.com/auth/cloud-platform"]
[debug] [2025-06-02T14:24:33.506Z] > authorizing via signed-in user (suite.e.stpete@gmail.com)
[debug] [2025-06-02T14:24:33.507Z] [iam] checking project social-media-manager-eb123 for permissions ["firebase.projects.get"]
[debug] [2025-06-02T14:24:33.507Z] Checked if tokens are valid: true, expires at: 1748877424190
[debug] [2025-06-02T14:24:33.507Z] Checked if tokens are valid: true, expires at: 1748877424190
[debug] [2025-06-02T14:24:33.507Z] >>> [apiv2][query] POST https://cloudresourcemanager.googleapis.com/v1/projects/social-media-manager-eb123:testIamPermissions [none]
[debug] [2025-06-02T14:24:33.507Z] >>> [apiv2][(partial)header] POST https://cloudresourcemanager.googleapis.com/v1/projects/social-media-manager-eb123:testIamPermissions x-goog-quota-user=projects/social-media-manager-eb123
[debug] [2025-06-02T14:24:33.507Z] >>> [apiv2][body] POST https://cloudresourcemanager.googleapis.com/v1/projects/social-media-manager-eb123:testIamPermissions {"permissions":["firebase.projects.get"]}
[debug] [2025-06-02T14:24:33.512Z] <<< [apiv2][status] GET https://firestore.googleapis.com/v1/projects/social-media-manager-eb123/databases/(default)/collectionGroups/-/indexes 404
[debug] [2025-06-02T14:24:33.513Z] <<< [apiv2][body] GET https://firestore.googleapis.com/v1/projects/social-media-manager-eb123/databases/(default)/collectionGroups/-/indexes {"error":{"code":404,"message":"Project 'social-media-manager-eb123' or database '(default)' does not exist.","status":"NOT_FOUND"}}
[debug] [2025-06-02T14:24:33.816Z] <<< [apiv2][status] POST https://cloudresourcemanager.googleapis.com/v1/projects/social-media-manager-eb123:testIamPermissions 200
[debug] [2025-06-02T14:24:33.817Z] <<< [apiv2][body] POST https://cloudresourcemanager.googleapis.com/v1/projects/social-media-manager-eb123:testIamPermissions {"permissions":["firebase.projects.get"]}
[debug] [2025-06-02T14:24:33.817Z] Checked if tokens are valid: true, expires at: 1748877424190
[debug] [2025-06-02T14:24:33.817Z] Checked if tokens are valid: true, expires at: 1748877424190
[debug] [2025-06-02T14:24:33.818Z] Checked if tokens are valid: true, expires at: 1748877424190
[debug] [2025-06-02T14:24:33.818Z] Checked if tokens are valid: true, expires at: 1748877424190
[debug] [2025-06-02T14:24:33.818Z] >>> [apiv2][query] GET https://serviceusage.googleapis.com/v1/projects/social-media-manager-eb123/services/cloudfunctions.googleapis.com [none]
[debug] [2025-06-02T14:24:33.818Z] >>> [apiv2][(partial)header] GET https://serviceusage.googleapis.com/v1/projects/social-media-manager-eb123/services/cloudfunctions.googleapis.com x-goog-quota-user=projects/social-media-manager-eb123
[debug] [2025-06-02T14:24:33.822Z] >>> [apiv2][query] GET https://serviceusage.googleapis.com/v1/projects/social-media-manager-eb123/services/runtimeconfig.googleapis.com [none]
[debug] [2025-06-02T14:24:33.822Z] >>> [apiv2][(partial)header] GET https://serviceusage.googleapis.com/v1/projects/social-media-manager-eb123/services/runtimeconfig.googleapis.com x-goog-quota-user=projects/social-media-manager-eb123
[debug] [2025-06-02T14:24:34.187Z] <<< [apiv2][status] GET https://serviceusage.googleapis.com/v1/projects/social-media-manager-eb123/services/runtimeconfig.googleapis.com 200
[debug] [2025-06-02T14:24:34.187Z] <<< [apiv2][body] GET https://serviceusage.googleapis.com/v1/projects/social-media-manager-eb123/services/runtimeconfig.googleapis.com [omitted]
[debug] [2025-06-02T14:24:34.250Z] <<< [apiv2][status] GET https://serviceusage.googleapis.com/v1/projects/social-media-manager-eb123/services/cloudfunctions.googleapis.com 200
[debug] [2025-06-02T14:24:34.250Z] <<< [apiv2][body] GET https://serviceusage.googleapis.com/v1/projects/social-media-manager-eb123/services/cloudfunctions.googleapis.com [omitted]
[debug] [2025-06-02T14:24:34.250Z] Checked if tokens are valid: true, expires at: 1748877424190
[debug] [2025-06-02T14:24:34.250Z] Checked if tokens are valid: true, expires at: 1748877424190
[debug] [2025-06-02T14:24:34.250Z] >>> [apiv2][query] POST https://serviceusage.googleapis.com/v1/projects/social-media-manager-eb123/services/cloudfunctions.googleapis.com:enable [none]
[debug] [2025-06-02T14:24:34.250Z] >>> [apiv2][(partial)header] POST https://serviceusage.googleapis.com/v1/projects/social-media-manager-eb123/services/cloudfunctions.googleapis.com:enable x-goog-quota-user=projects/social-media-manager-eb123
[debug] [2025-06-02T14:24:34.776Z] <<< [apiv2][status] POST https://serviceusage.googleapis.com/v1/projects/social-media-manager-eb123/services/cloudfunctions.googleapis.com:enable 200
[debug] [2025-06-02T14:24:34.776Z] <<< [apiv2][body] POST https://serviceusage.googleapis.com/v1/projects/social-media-manager-eb123/services/cloudfunctions.googleapis.com:enable [omitted]
[debug] [2025-06-02T14:24:44.778Z] Checked if tokens are valid: true, expires at: 1748877424190
[debug] [2025-06-02T14:24:44.779Z] Checked if tokens are valid: true, expires at: 1748877424190
[debug] [2025-06-02T14:24:44.779Z] >>> [apiv2][query] GET https://serviceusage.googleapis.com/v1/projects/social-media-manager-eb123/services/cloudfunctions.googleapis.com [none]
[debug] [2025-06-02T14:24:44.779Z] >>> [apiv2][(partial)header] GET https://serviceusage.googleapis.com/v1/projects/social-media-manager-eb123/services/cloudfunctions.googleapis.com x-goog-quota-user=projects/social-media-manager-eb123
[debug] [2025-06-02T14:24:45.128Z] <<< [apiv2][status] GET https://serviceusage.googleapis.com/v1/projects/social-media-manager-eb123/services/cloudfunctions.googleapis.com 200
[debug] [2025-06-02T14:24:45.128Z] <<< [apiv2][body] GET https://serviceusage.googleapis.com/v1/projects/social-media-manager-eb123/services/cloudfunctions.googleapis.com [omitted]
[info] Let's create a new codebase for your functions.
[info] A directory corresponding to the codebase will be created in your project
[info] with sample code pre-configured.

[info] See https://firebase.google.com/docs/functions/organize-functions for
[info] more information on organizing your functions using codebases.

[info] Functions can be deployed with firebase deploy.

[info] ✔  Wrote functions/package.json 
[info] ✔  Wrote functions/.eslintrc.js 
[info] ✔  Wrote functions/tsconfig.dev.json 
[info] ✔  Wrote functions/tsconfig.json 
[info] ✔  Wrote functions/src/index.ts 
[info] ✔  Wrote functions/.gitignore 
[info] 
=== Hosting Setup
[debug] [2025-06-02T14:27:08.809Z] Checked if tokens are valid: true, expires at: 1748877424190
[debug] [2025-06-02T14:27:08.809Z] Checked if tokens are valid: true, expires at: 1748877424190
[debug] [2025-06-02T14:27:08.809Z] >>> [apiv2][query] GET https://firebase.googleapis.com/v1beta1/projects/social-media-manager-eb123 [none]
[debug] [2025-06-02T14:27:09.193Z] <<< [apiv2][status] GET https://firebase.googleapis.com/v1beta1/projects/social-media-manager-eb123 200
[debug] [2025-06-02T14:27:09.193Z] <<< [apiv2][body] GET https://firebase.googleapis.com/v1beta1/projects/social-media-manager-eb123 {"projectId":"social-media-manager-eb123","projectNumber":"258402261914","displayName":"social-media-manager","name":"projects/social-media-manager-eb123","resources":{"hostingSite":"social-media-manager-eb123"},"state":"ACTIVE","etag":"1_f569ac60-211d-45c2-8eed-5c21af1058cb"}
[info] 
[info] Your public directory is the folder (relative to your project directory) that
[info] will contain Hosting assets to be uploaded with firebase deploy. If you
[info] have a build process for your assets, use your build's output directory.
[info] 
[debug] [2025-06-02T14:27:27.389Z] >>> [apiv2][query] GET https://www.gstatic.com/firebasejs/releases.json [none]
[debug] [2025-06-02T14:27:27.516Z] <<< [apiv2][status] GET https://www.gstatic.com/firebasejs/releases.json 200
[debug] [2025-06-02T14:27:27.516Z] <<< [apiv2][body] GET https://www.gstatic.com/firebasejs/releases.json {"current":{"version":"11.8.1","browserURL":"https://www.gstatic.com/firebasejs/11.8.1/firebase.js","packageURL":"https://www.gstatic.com/firebasejs/11.8.1/firebase.tgz"},"live":{"version":"11.8","browserURL":"https://www.gstatic.com/firebasejs/live/11.8/firebase.js","packageURL":"https://www.gstatic.com/firebasejs/live/11.8/firebase.tgz"},"components":{"ai":"https://www.gstatic.com/firebasejs/11.8.1/firebase-ai.js","analytics":"https://www.gstatic.com/firebasejs/11.8.1/firebase-analytics.js","app":"https://www.gstatic.com/firebasejs/11.8.1/firebase-app.js","app-check":"https://www.gstatic.com/firebasejs/11.8.1/firebase-app-check.js","auth":"https://www.gstatic.com/firebasejs/11.8.1/firebase-auth.js","auth/cordova":"https://www.gstatic.com/firebasejs/11.8.1/firebase-auth/cordova.js","auth/web-extension":"https://www.gstatic.com/firebasejs/11.8.1/firebase-auth/web-extension.js","functions":"https://www.gstatic.com/firebasejs/11.8.1/firebase-functions.js","firestore":"https://www.gstatic.com/firebasejs/11.8.1/firebase-firestore.js","firestore/lite":"https://www.gstatic.com/firebasejs/11.8.1/firebase-firestore/lite.js","installations":"https://www.gstatic.com/firebasejs/11.8.1/firebase-installations.js","storage":"https://www.gstatic.com/firebasejs/11.8.1/firebase-storage.js","performance":"https://www.gstatic.com/firebasejs/11.8.1/firebase-performance.js","remote-config":"https://www.gstatic.com/firebasejs/11.8.1/firebase-remote-config.js","messaging":"https://www.gstatic.com/firebasejs/11.8.1/firebase-messaging.js","messaging/sw":"https://www.gstatic.com/firebasejs/11.8.1/firebase-messaging/sw.js","database":"https://www.gstatic.com/firebasejs/11.8.1/firebase-database.js","vertexai":"https://www.gstatic.com/firebasejs/11.8.1/firebase-vertexai.js","data-connect":"https://www.gstatic.com/firebasejs/11.8.1/firebase-data-connect.js","firestore.memory":"https://www.gstatic.com/firebasejs/11.8.1/firebase-firestore.memory.js"}}
[info] ✔  Wrote public/index.html 
[info] 
[info] i  Didn't detect a .git folder. Assuming /Users/matttaylor/Documents/_dev/social_manager/frontend is the project root. 
[info] i  Authorizing with GitHub to upload your service account to a GitHub repository's secrets store. 
[info] 
[info] Visit this URL on this device to log in:
[info] https://github.com/login/oauth/authorize?client_id=89cf50f02ac6aaed3484&state=545264816&redirect_uri=http%3A%2F%2Flocalhost%3A9005&scope=read%3Auser%20repo%20public_repo
[info] 
[info] Waiting for authentication...
[debug] [2025-06-02T14:27:53.899Z] >>> [apiv2][query] POST https://github.com/login/oauth/access_token [none]
[debug] [2025-06-02T14:27:53.900Z] >>> [apiv2][body] POST https://github.com/login/oauth/access_token [stream]
[debug] [2025-06-02T14:27:54.150Z] <<< [apiv2][status] POST https://github.com/login/oauth/access_token 200
[debug] [2025-06-02T14:27:54.150Z] <<< [apiv2][body] POST https://github.com/login/oauth/access_token {"access_token":"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","token_type":"bearer","scope":"read:user,repo"}
[debug] [2025-06-02T14:27:54.160Z] >>> [apiv2][query] GET https://api.github.com/user [none]
[debug] [2025-06-02T14:27:54.440Z] <<< [apiv2][status] GET https://api.github.com/user 200
[debug] [2025-06-02T14:27:54.440Z] <<< [apiv2][body] GET https://api.github.com/user {"login":"maylortaylor","id":7232060,"node_id":"MDQ6VXNlcjcyMzIwNjA=","avatar_url":"https://avatars.githubusercontent.com/u/7232060?v=4","gravatar_id":"","url":"https://api.github.com/users/maylortaylor","html_url":"https://github.com/maylortaylor","followers_url":"https://api.github.com/users/maylortaylor/followers","following_url":"https://api.github.com/users/maylortaylor/following{/other_user}","gists_url":"https://api.github.com/users/maylortaylor/gists{/gist_id}","starred_url":"https://api.github.com/users/maylortaylor/starred{/owner}{/repo}","subscriptions_url":"https://api.github.com/users/maylortaylor/subscriptions","organizations_url":"https://api.github.com/users/maylortaylor/orgs","repos_url":"https://api.github.com/users/maylortaylor/repos","events_url":"https://api.github.com/users/maylortaylor/events{/privacy}","received_events_url":"https://api.github.com/users/maylortaylor/received_events","type":"User","user_view_type":"private","site_admin":false,"name":"Matt Taylor","company":null,"blog":"https://maylortaylor.github.io/","location":"St Petersburg, FL","email":null,"hireable":null,"bio":"Highly skilled .NET Full Stack Developer with 8+ years of experience in a real world work environment || .NETCore MVC AngularJS-12+ HTML SQL ASPNET C# NodeJS TS","twitter_username":null,"notification_email":null,"public_repos":30,"public_gists":1,"followers":14,"following":31,"created_at":"2014-04-08T23:09:19Z","updated_at":"2025-05-19T01:46:07Z","private_gists":1,"total_private_repos":11,"owned_private_repos":11,"disk_usage":2040963,"collaborators":2,"two_factor_authentication":true,"plan":{"name":"free","space":976562499,"collaborators":0,"private_repos":10000}}
[info] 
[info] ✔  Success! Logged into GitHub as maylortaylor 
[info] 
