[debug] [2025-06-02T14:17:13.185Z] ----------------------------------------------------------------------
[debug] [2025-06-02T14:17:13.186Z] Command:       /Users/matttaylor/.nvm/versions/node/v20.10.0/bin/node /Users/matttaylor/.nvm/versions/node/v20.10.0/bin/firebase projects:create social-media-manager
[debug] [2025-06-02T14:17:13.187Z] CLI Version:   14.5.1
[debug] [2025-06-02T14:17:13.187Z] Platform:      darwin
[debug] [2025-06-02T14:17:13.187Z] Node Version:  v20.10.0
[debug] [2025-06-02T14:17:13.187Z] Time:          Mon Jun 02 2025 10:17:13 GMT-0400 (Eastern Daylight Time)
[debug] [2025-06-02T14:17:13.187Z] ----------------------------------------------------------------------
[debug] 
[debug] [2025-06-02T14:17:13.189Z] > command requires scopes: ["email","openid","https://www.googleapis.com/auth/cloudplatformprojects.readonly","https://www.googleapis.com/auth/firebase","https://www.googleapis.com/auth/cloud-platform"]
[debug] [2025-06-02T14:17:13.190Z] > authorizing via signed-in user (suite.e.stpete@gmail.com)
[debug] [2025-06-02T14:17:23.382Z] Checked if tokens are valid: true, expires at: 1748877424190
[debug] [2025-06-02T14:17:23.386Z] Checked if tokens are valid: true, expires at: 1748877424190
[debug] [2025-06-02T14:17:23.391Z] >>> [apiv2][query] POST https://cloudresourcemanager.googleapis.com/v1/projects [none]
[debug] [2025-06-02T14:17:23.394Z] >>> [apiv2][body] POST https://cloudresourcemanager.googleapis.com/v1/projects {"projectId":"social-media-manager","name":"social-media-manager"}
[debug] [2025-06-02T14:17:23.658Z] <<< [apiv2][status] POST https://cloudresourcemanager.googleapis.com/v1/projects 409
[debug] [2025-06-02T14:17:23.658Z] <<< [apiv2][body] POST https://cloudresourcemanager.googleapis.com/v1/projects {"error":{"code":409,"message":"Requested entity already exists","status":"ALREADY_EXISTS"}}
[debug] [2025-06-02T14:17:23.797Z] FirebaseError: Request to https://cloudresourcemanager.googleapis.com/v1/projects had HTTP Error: 409, Requested entity already exists
    at responseToError (/Users/matttaylor/.nvm/versions/node/v20.10.0/lib/node_modules/firebase-tools/lib/responseToError.js:52:12)
    at RetryOperation._fn (/Users/matttaylor/.nvm/versions/node/v20.10.0/lib/node_modules/firebase-tools/lib/apiv2.js:312:77)
    at process.processTicksAndRejections (node:internal/process/task_queues:95:5)
[error] 
[error] Error: Failed to create project because there is already a project with ID social-media-manager. Please try again with a unique project ID.
